[4](+) 0x14bcb00 (1)
  [2](+) 0x14bc970 (3)
    [0](+) 0x14b9c20 (16)
    [0](-) 0x14b9c20 (16) (*)
  [0](-) 0x14b9c20 (16) (*)

==> Total #BddNodes : 3

[5](-) 0x14bdb60 (1)
  [3](+) 0x14bc9c0 (3)
    [0](+) 0x14b9c20 (17)
    [0](-) 0x14b9c20 (17) (*)
  [0](+) 0x14b9c20 (17) (*)

==> Total #BddNodes : 3

[2](+) 0x14bdbb0 (1)
  [1](+) 0x14bb230 (3)
    [0](+) 0x14b9c20 (18)
    [0](-) 0x14b9c20 (18) (*)
  [0](-) 0x14b9c20 (18) (*)

==> Total #BddNodes : 3

[4](+) 0x14bdc40 (1)
  [3](+) 0x14bdc20 (1)
    [2](+) 0x14bc970 (4)
      [0](+) 0x14b9c20 (20)
      [0](-) 0x14b9c20 (20) (*)
    [0](-) 0x14b9c20 (20) (*)
  [0](-) 0x14b9c20 (20) (*)

==> Total #BddNodes : 4

[5](+) 0x14bdd30 (1)
  [4](+) 0x14bdce0 (1)
    [3](+) 0x14bdc90 (1)
      [2](+) 0x14bc970 (5)
        [0](+) 0x14b9c20 (21)
        [0](-) 0x14b9c20 (21) (*)
      [0](+) 0x14b9c20 (21) (*)
    [3](-) 0x14bc9c0 (4)
      [0](+) 0x14b9c20 (21) (*)
      [0](-) 0x14b9c20 (21) (*)
  [4](+) 0x14bcb00 (2)
    [2](+) 0x14bc970 (5) (*)
    [0](-) 0x14b9c20 (21) (*)

==> Total #BddNodes : 7

[5](+) 0x14bddc0 (1)
  [4](+) 0x14bdda0 (1)
    [0](+) 0x14b9c20 (22)
    [3](-) 0x14bc9c0 (5)
      [0](+) 0x14b9c20 (22) (*)
      [0](-) 0x14b9c20 (22) (*)
  [4](+) 0x14bca10 (3)
    [0](+) 0x14b9c20 (22) (*)
    [0](-) 0x14b9c20 (22) (*)

==> Total #BddNodes : 5

[5](+) 0x14bdf70 (1)
  [4](+) 0x14bdea0 (1)
    [2](+) 0x14bdbb0 (4)
      [1](+) 0x14bb230 (3)
        [0](+) 0x14b9c20 (24)
        [0](-) 0x14b9c20 (24) (*)
      [0](-) 0x14b9c20 (24) (*)
    [3](-) 0x14bde30 (1)
      [0](+) 0x14b9c20 (24) (*)
      [2](-) 0x14bdbb0 (4) (*)
  [4](+) 0x14bdec0 (1)
    [2](+) 0x14bdbb0 (4) (*)
    [0](-) 0x14b9c20 (24) (*)

==> Total #BddNodes : 7

[5](+) 0x14be080 (1)
  [4](+) 0x14bdfe0 (1)
    [3](+) 0x14bdf90 (2)
      [2](+) 0x14bc970 (6)
        [0](+) 0x14b9c20 (25)
        [0](-) 0x14b9c20 (25) (*)
      [2](+) 0x14bdbb0 (5)
        [1](+) 0x14bb230 (3)
          [0](+) 0x14b9c20 (25) (*)
          [0](-) 0x14b9c20 (25) (*)
        [0](-) 0x14b9c20 (25) (*)
    [3](-) 0x14bde30 (2)
      [0](+) 0x14b9c20 (25) (*)
      [2](-) 0x14bdbb0 (5) (*)
  [4](+) 0x14be030 (1)
    [3](+) 0x14bdf90 (2) (*)
    [0](-) 0x14b9c20 (25) (*)

==> Total #BddNodes : 9

[6](+) 0x14be0d0 (1)
  [5](+) 0x14be080 (2)
    [4](+) 0x14bdfe0 (1)
      [3](+) 0x14bdf90 (2)
        [2](+) 0x14bc970 (6)
          [0](+) 0x14b9c20 (26)
          [0](-) 0x14b9c20 (26) (*)
        [2](+) 0x14bdbb0 (5)
          [1](+) 0x14bb230 (3)
            [0](+) 0x14b9c20 (26) (*)
            [0](-) 0x14b9c20 (26) (*)
          [0](-) 0x14b9c20 (26) (*)
      [3](-) 0x14bde30 (2)
        [0](+) 0x14b9c20 (26) (*)
        [2](-) 0x14bdbb0 (5) (*)
    [4](+) 0x14be030 (1)
      [3](+) 0x14bdf90 (2) (*)
      [0](-) 0x14b9c20 (26) (*)
  [0](-) 0x14b9c20 (26) (*)

==> Total #BddNodes : 10

