[4](+) 0x1dc2b00 (1)
  [2](+) 0x1dc2970 (3)
    [0](+) 0x1dc1310 (16)
    [0](-) 0x1dc1310 (16) (*)
  [0](-) 0x1dc1310 (16) (*)

==> Total #BddNodes : 3

[5](-) 0x1dc3b60 (1)
  [3](+) 0x1dc29c0 (3)
    [0](+) 0x1dc1310 (17)
    [0](-) 0x1dc1310 (17) (*)
  [0](+) 0x1dc1310 (17) (*)

==> Total #BddNodes : 3

[2](+) 0x1dc3bb0 (1)
  [1](+) 0x1dc2920 (3)
    [0](+) 0x1dc1310 (18)
    [0](-) 0x1dc1310 (18) (*)
  [0](-) 0x1dc1310 (18) (*)

==> Total #BddNodes : 3

[4](+) 0x1dc3c50 (1)
  [3](+) 0x1dc3c00 (1)
    [2](+) 0x1dc2970 (4)
      [0](+) 0x1dc1310 (20)
      [0](-) 0x1dc1310 (20) (*)
    [0](-) 0x1dc1310 (20) (*)
  [0](-) 0x1dc1310 (20) (*)

==> Total #BddNodes : 4

[5](+) 0x1dc3d40 (1)
  [4](+) 0x1dc3cf0 (1)
    [3](+) 0x1dc3ca0 (1)
      [2](+) 0x1dc2970 (5)
        [0](+) 0x1dc1310 (21)
        [0](-) 0x1dc1310 (21) (*)
      [0](+) 0x1dc1310 (21) (*)
    [3](-) 0x1dc29c0 (4)
      [0](+) 0x1dc1310 (21) (*)
      [0](-) 0x1dc1310 (21) (*)
  [4](+) 0x1dc2b00 (2)
    [2](+) 0x1dc2970 (5) (*)
    [0](-) 0x1dc1310 (21) (*)

==> Total #BddNodes : 7

[5](+) 0x1dc3de0 (1)
  [4](+) 0x1dc3d90 (1)
    [0](+) 0x1dc1310 (22)
    [3](-) 0x1dc29c0 (5)
      [0](+) 0x1dc1310 (22) (*)
      [0](-) 0x1dc1310 (22) (*)
  [4](+) 0x1dc2a10 (3)
    [0](+) 0x1dc1310 (22) (*)
    [0](-) 0x1dc1310 (22) (*)

==> Total #BddNodes : 5

[5](+) 0x1dc3f20 (1)
  [4](+) 0x1dc3e80 (1)
    [2](+) 0x1dc3bb0 (4)
      [1](+) 0x1dc2920 (3)
        [0](+) 0x1dc1310 (24)
        [0](-) 0x1dc1310 (24) (*)
      [0](-) 0x1dc1310 (24) (*)
    [3](-) 0x1dc3e30 (1)
      [0](+) 0x1dc1310 (24) (*)
      [2](-) 0x1dc3bb0 (4) (*)
  [4](+) 0x1dc3ed0 (1)
    [2](+) 0x1dc3bb0 (4) (*)
    [0](-) 0x1dc1310 (24) (*)

==> Total #BddNodes : 7

[5](+) 0x1dc4060 (1)
  [4](+) 0x1dc3fc0 (1)
    [3](+) 0x1dc3f70 (2)
      [2](+) 0x1dc2970 (6)
        [0](+) 0x1dc1310 (25)
        [0](-) 0x1dc1310 (25) (*)
      [2](+) 0x1dc3bb0 (5)
        [1](+) 0x1dc2920 (3)
          [0](+) 0x1dc1310 (25) (*)
          [0](-) 0x1dc1310 (25) (*)
        [0](-) 0x1dc1310 (25) (*)
    [3](-) 0x1dc3e30 (2)
      [0](+) 0x1dc1310 (25) (*)
      [2](-) 0x1dc3bb0 (5) (*)
  [4](+) 0x1dc4010 (1)
    [3](+) 0x1dc3f70 (2) (*)
    [0](-) 0x1dc1310 (25) (*)

==> Total #BddNodes : 9

[6](+) 0x1dc40b0 (1)
  [5](+) 0x1dc4060 (2)
    [4](+) 0x1dc3fc0 (1)
      [3](+) 0x1dc3f70 (2)
        [2](+) 0x1dc2970 (6)
          [0](+) 0x1dc1310 (26)
          [0](-) 0x1dc1310 (26) (*)
        [2](+) 0x1dc3bb0 (5)
          [1](+) 0x1dc2920 (3)
            [0](+) 0x1dc1310 (26) (*)
            [0](-) 0x1dc1310 (26) (*)
          [0](-) 0x1dc1310 (26) (*)
      [3](-) 0x1dc3e30 (2)
        [0](+) 0x1dc1310 (26) (*)
        [2](-) 0x1dc3bb0 (5) (*)
    [4](+) 0x1dc4010 (1)
      [3](+) 0x1dc3f70 (2) (*)
      [0](-) 0x1dc1310 (26) (*)
  [0](-) 0x1dc1310 (26) (*)

==> Total #BddNodes : 10

