[6](+) 0x7b7070 (2)
  [5](+) 0x7b7020 (3)
    [4](+) 0x7b6f80 (1)
      [3](+) 0x7b6f30 (2)
        [2](+) 0x7b6970 (6)
          [0](+) 0x7b3c20 (27)
          [0](-) 0x7b3c20 (27) (*)
        [2](+) 0x7b6ba0 (6)
          [1](+) 0x7b5230 (3)
            [0](+) 0x7b3c20 (27) (*)
            [0](-) 0x7b3c20 (27) (*)
          [0](-) 0x7b3c20 (27) (*)
      [3](-) 0x7b6e10 (2)
        [0](+) 0x7b3c20 (27) (*)
        [2](-) 0x7b6ba0 (6) (*)
    [4](+) 0x7b6fd0 (1)
      [3](+) 0x7b6f30 (2) (*)
      [0](-) 0x7b3c20 (27) (*)
  [0](-) 0x7b3c20 (27) (*)

==> Total #BddNodes : 10

