00000000000000000
01000000000000000
10010000000000000
10010000000000000
10010000000000000
10010000000000000
10010000000000000
10010010000000000
10010100000000000
00010100000000000
01000000000000000
01000000000000000
01000000000000000
10010000000000000
10010000000000000
10010000000000000
10010000000000000
10010000000000000
10000000000000000
10000000000000000
10000000000010000
10000000000010000
10000000000010000
00000000000010000
01000000000000000
01000000000000000
01000000000000000
01000000000000000
01000000000000000
01000000000000000
01000000000000000
01000000000000000
01000000000000000
