00000000000000000
01000000000000000
10010000000000000
10010000000000000
10010000000000000
10010000000000000
10010000000000000
10010010000000000
10010100000000000
00010100000000000
01000000000000000
01000000000000000
01000000000000000
10100000000000000
10100000000000000
10100000000000000
10100000000010000
10100000000100000
10100000000110000
10100000000110000
10100000010110000
10100000010110000
00100000010110000
01000000000000000
10110000000000000
10110000000000000
10110000000000000
10110000000000000
10110000010000000
10110000010000000
00110000010000000
01000000000000000
01000000000000000
01000000000000000
